<?xml version="1.0" encoding="UTF-8"?>
<!-- Generated by org.testng.reporters.JUnitReportReporter -->
<testsuite hostname="LAPTOP-CJ1P4A3I" failures="0" tests="1" name="ABPNews_live.TC_Home_001" time="751.327" errors="0" timestamp="2022-01-13T18:43:38 IST" skipped="0">
  <testcase classname="ABPNews_live.TC_Home_001" name="articles" time="751.327"/>
  <system-out/>
</testsuite> <!-- ABPNews_live.TC_Home_001 -->
