<?xml version="1.0" encoding="UTF-8"?>
<!-- Generated by org.testng.reporters.JUnitReportReporter -->
<testsuite hostname="LAPTOP-CJ1P4A3I" failures="0" tests="1" name="ABPNews_live.LiveTvBottomBar" time="133.099" errors="0" timestamp="2022-01-13T19:03:42 IST" skipped="0">
  <testcase classname="ABPNews_live.LiveTvBottomBar" name="homelivetv" time="133.099"/>
  <system-out/>
</testsuite> <!-- ABPNews_live.LiveTvBottomBar -->
