<?xml version="1.0" encoding="UTF-8"?>
<!-- Generated by org.testng.reporters.JUnitReportReporter -->
<testsuite hostname="hp-PC" failures="0" tests="1" name="ABPNews_live.TC_Home_001" time="340.384" errors="0" timestamp="2022-01-12T17:56:07 IST" skipped="0">
  <testcase classname="ABPNews_live.TC_Home_001" name="scrolltoptobottom" time="340.384"/>
  <system-out/>
</testsuite> <!-- ABPNews_live.TC_Home_001 -->
