<?xml version="1.0" encoding="UTF-8"?>
<!-- Generated by org.testng.reporters.JUnitReportReporter -->
<testsuite hostname="hp-PC" failures="0" tests="1" name="ABPNews_live.LanguageTest" time="68.648" errors="0" timestamp="2022-01-12T12:26:27 IST" skipped="0">
  <testcase classname="ABPNews_live.LanguageTest" name="demo" time="68.648"/>
  <system-out/>
</testsuite> <!-- ABPNews_live.LanguageTest -->
