<?xml version="1.0" encoding="UTF-8"?>
<!-- Generated by org.testng.reporters.JUnitReportReporter -->
<testsuite skipped="0" hostname="PRASHANT" name="ABPNews_live.LiveTv" tests="1" failures="0" timestamp="2022-01-13T11:45:20 IST" time="67.354" errors="0">
  <testcase name="homelivetv" time="67.354" classname="ABPNews_live.LiveTv"/>
  <system-out/>
</testsuite> <!-- ABPNews_live.LiveTv -->
