<?xml version="1.0" encoding="UTF-8"?>
<!-- Generated by org.testng.reporters.JUnitReportReporter -->
<testsuite hostname="hp-PC" failures="0" tests="1" name="ABPNews_live.CoronaCases" time="875.953" errors="0" timestamp="2022-01-12T11:26:10 IST" skipped="0">
  <testcase classname="ABPNews_live.CoronaCases" name="demo" time="875.953"/>
  <system-out/>
</testsuite> <!-- ABPNews_live.CoronaCases -->
